Flow report for Pipeline
Thu Jun 19 17:01:34 2014
Quartus II 64-Bit Version 12.0 Build 178 05/31/2012 SJ Full Version


---------------------
; Table of Contents ;
---------------------
  1. Legal Notice
  2. Flow Summary
  3. Flow Settings
  4. Flow Non-Default Global Settings
  5. Flow Elapsed Time
  6. Flow OS Summary
  7. Flow Log



----------------
; Legal Notice ;
----------------
Copyright (C) 1991-2012 Altera Corporation
Your use of Altera Corporation's design tools, logic functions 
and other software and tools, and its AMPP partner logic 
functions, and any output files from any of the foregoing 
(including device programming or simulation files), and any 
associated documentation or information are expressly subject 
to the terms and conditions of the Altera Program License 
Subscription Agreement, Altera MegaCore Function License 
Agreement, or other applicable license agreement, including, 
without limitation, that your use is for the sole purpose of 
programming logic devices manufactured by Altera and sold by 
Altera or its authorized distributors.  Please refer to the 
applicable agreement for further details.



+--------------------------------------------------------------------------------+
; Flow Summary                                                                   ;
+------------------------------------+-------------------------------------------+
; Flow Status                        ; Successful - Thu Jun 19 17:01:34 2014     ;
; Quartus II 64-Bit Version          ; 12.0 Build 178 05/31/2012 SJ Full Version ;
; Revision Name                      ; Pipeline                                  ;
; Top-level Entity Name              ; Pipeline                                  ;
; Family                             ; Cyclone II                                ;
; Device                             ; EP2C70F896C6                              ;
; Timing Models                      ; Final                                     ;
; Total logic elements               ; 9,248 / 68,416 ( 14 % )                   ;
;     Total combinational functions  ; 6,955 / 68,416 ( 10 % )                   ;
;     Dedicated logic registers      ; 5,512 / 68,416 ( 8 % )                    ;
; Total registers                    ; 5512                                      ;
; Total pins                         ; 592 / 622 ( 95 % )                        ;
; Total virtual pins                 ; 0                                         ;
; Total memory bits                  ; 8,192 / 1,152,000 ( < 1 % )               ;
; Embedded Multiplier 9-bit elements ; 0 / 300 ( 0 % )                           ;
; Total PLLs                         ; 0 / 4 ( 0 % )                             ;
+------------------------------------+-------------------------------------------+


+-----------------------------------------+
; Flow Settings                           ;
+-------------------+---------------------+
; Option            ; Setting             ;
+-------------------+---------------------+
; Start date & time ; 06/19/2014 16:58:45 ;
; Main task         ; Compilation         ;
; Revision Name     ; Pipeline            ;
+-------------------+---------------------+


+-------------------------------------------------------------------------------------------------------------------------+
; Flow Non-Default Global Settings                                                                                        ;
+--------------------------------------+---------------------------------+---------------+-------------+------------------+
; Assignment Name                      ; Value                           ; Default Value ; Entity Name ; Section Id       ;
+--------------------------------------+---------------------------------+---------------+-------------+------------------+
; COMPILER_SIGNATURE_ID                ; 1098810940855.140316832112204   ; --            ; --          ; --               ;
; EDA_DESIGN_INSTANCE_NAME             ; NA                              ; --            ; --          ; Pipeline_vlg_tst ;
; EDA_NATIVELINK_SIMULATION_TEST_BENCH ; Pipeline_vlg_tst                ; --            ; --          ; eda_simulation   ;
; EDA_OUTPUT_DATA_FORMAT               ; Verilog Hdl                     ; --            ; --          ; eda_simulation   ;
; EDA_SIMULATION_TOOL                  ; ModelSim-Altera (Verilog)       ; <None>        ; --          ; --               ;
; EDA_TEST_BENCH_ENABLE_STATUS         ; TEST_BENCH_MODE                 ; --            ; --          ; eda_simulation   ;
; EDA_TEST_BENCH_FILE                  ; simulation/modelsim/Pipeline.vt ; --            ; --          ; Pipeline_vlg_tst ;
; EDA_TEST_BENCH_MODULE_NAME           ; Pipeline_vlg_tst                ; --            ; --          ; Pipeline_vlg_tst ;
; EDA_TEST_BENCH_NAME                  ; Pipeline_vlg_tst                ; --            ; --          ; eda_simulation   ;
; EDA_TIME_SCALE                       ; 1 ps                            ; --            ; --          ; eda_simulation   ;
; MAX_CORE_JUNCTION_TEMP               ; 85                              ; --            ; --          ; --               ;
; MIN_CORE_JUNCTION_TEMP               ; 0                               ; --            ; --          ; --               ;
; PARTITION_COLOR                      ; 16764057                        ; --            ; --          ; Top              ;
; PARTITION_FITTER_PRESERVATION_LEVEL  ; PLACEMENT_AND_ROUTING           ; --            ; --          ; Top              ;
; PARTITION_NETLIST_TYPE               ; SOURCE                          ; --            ; --          ; Top              ;
+--------------------------------------+---------------------------------+---------------+-------------+------------------+


+-------------------------------------------------------------------------------------------------------------------------------+
; Flow Elapsed Time                                                                                                             ;
+---------------------------+--------------+-------------------------+---------------------+------------------------------------+
; Module Name               ; Elapsed Time ; Average Processors Used ; Peak Virtual Memory ; Total CPU Time (on all processors) ;
+---------------------------+--------------+-------------------------+---------------------+------------------------------------+
; Analysis & Synthesis      ; 00:00:38     ; 1.0                     ; 468 MB              ; 00:00:27                           ;
; Fitter                    ; 00:01:37     ; 3.1                     ; 799 MB              ; 00:02:35                           ;
; Assembler                 ; 00:00:17     ; 1.0                     ; 440 MB              ; 00:00:06                           ;
; TimeQuest Timing Analyzer ; 00:00:19     ; 1.6                     ; 592 MB              ; 00:00:08                           ;
; EDA Netlist Writer        ; 00:00:20     ; 1.0                     ; 467 MB              ; 00:00:07                           ;
; Total                     ; 00:03:11     ; --                      ; --                  ; 00:03:23                           ;
+---------------------------+--------------+-------------------------+---------------------+------------------------------------+


+----------------------------------------------------------------------------------------+
; Flow OS Summary                                                                        ;
+---------------------------+------------------+-----------+------------+----------------+
; Module Name               ; Machine Hostname ; OS Name   ; OS Version ; Processor type ;
+---------------------------+------------------+-----------+------------+----------------+
; Analysis & Synthesis      ; Jam              ; Windows 7 ; 6.2        ; x86_64         ;
; Fitter                    ; Jam              ; Windows 7 ; 6.2        ; x86_64         ;
; Assembler                 ; Jam              ; Windows 7 ; 6.2        ; x86_64         ;
; TimeQuest Timing Analyzer ; Jam              ; Windows 7 ; 6.2        ; x86_64         ;
; EDA Netlist Writer        ; Jam              ; Windows 7 ; 6.2        ; x86_64         ;
+---------------------------+------------------+-----------+------------+----------------+


------------
; Flow Log ;
------------
quartus_map --read_settings_files=on --write_settings_files=off Pipeline -c Pipeline
quartus_fit --read_settings_files=off --write_settings_files=off Pipeline -c Pipeline
quartus_asm --read_settings_files=off --write_settings_files=off Pipeline -c Pipeline
quartus_sta Pipeline -c Pipeline
quartus_eda --read_settings_files=off --write_settings_files=off Pipeline -c Pipeline



